[INFO] Scanning for projects...
[INFO] 
[INFO] ---------------------------< com.vdqg:demo >----------------------------
[INFO] Building  0.0.1-SNAPSHOT
[INFO]   from pom.xml
[INFO] --------------------------------[ jar ]---------------------------------
[INFO] 
[INFO] >>> spring-boot:3.5.13:run (default-cli) > test-compile @ demo >>>
[INFO] ------------------------------------------------------------------------
[INFO] BUILD FAILURE
[INFO] ------------------------------------------------------------------------
[INFO] Total time:  1.043 s
[INFO] Finished at: 2026-04-16T15:14:51+07:00
[INFO] ------------------------------------------------------------------------
[ERROR] Failed to execute goal on project demo: Could not resolve dependencies for project com.vdqg:demo:jar:0.0.1-SNAPSHOT
[ERROR] dependency: com.mysql:mysql-connector-j:jar:9.6.0 (runtime)
[ERROR] 	Cannot access central (https://repo.maven.apache.org/maven2) in offline mode and the artifact com.mysql:mysql-connector-j:jar:9.6.0 has not been downloaded from it before.
[ERROR] dependency: org.springframework.boot:spring-boot-starter-test:jar:3.5.13 (test)
[ERROR] 	Cannot access central (https://repo.maven.apache.org/maven2) in offline mode and the artifact org.springframework.boot:spring-boot-starter-test:jar:3.5.13 has not been downloaded from it before.
[ERROR] dependency: org.springframework.boot:spring-boot-test:jar:3.5.13 (test)
[ERROR] 	Cannot access central (https://repo.maven.apache.org/maven2) in offline mode and the artifact org.springframework.boot:spring-boot-test:jar:3.5.13 has not been downloaded from it before.
[ERROR] dependency: org.springframework.boot:spring-boot-test-autoconfigure:jar:3.5.13 (test)
[ERROR] 	Cannot access central (https://repo.maven.apache.org/maven2) in offline mode and the artifact org.springframework.boot:spring-boot-test-autoconfigure:jar:3.5.13 has not been downloaded from it before.
[ERROR] dependency: com.jayway.jsonpath:json-path:jar:2.9.0 (test)
[ERROR] 	Cannot access central (https://repo.maven.apache.org/maven2) in offline mode and the artifact com.jayway.jsonpath:json-path:jar:2.9.0 has not been downloaded from it before.
[ERROR] dependency: jakarta.xml.bind:jakarta.xml.bind-api:jar:4.0.4 (runtime)
[ERROR] 	Cannot access central (https://repo.maven.apache.org/maven2) in offline mode and the artifact jakarta.xml.bind:jakarta.xml.bind-api:jar:4.0.4 has not been downloaded from it before.
[ERROR] dependency: jakarta.activation:jakarta.activation-api:jar:2.1.4 (runtime)
[ERROR] 	Cannot access central (https://repo.maven.apache.org/maven2) in offline mode and the artifact jakarta.activation:jakarta.activation-api:jar:2.1.4 has not been downloaded from it before.
[ERROR] dependency: net.minidev:json-smart:jar:2.5.2 (test)
[ERROR] 	Cannot access central (https://repo.maven.apache.org/maven2) in offline mode and the artifact net.minidev:json-smart:jar:2.5.2 has not been downloaded from it before.
[ERROR] dependency: net.minidev:accessors-smart:jar:2.5.2 (test)
[ERROR] 	Cannot access central (https://repo.maven.apache.org/maven2) in offline mode and the artifact net.minidev:accessors-smart:jar:2.5.2 has not been downloaded from it before.
[ERROR] dependency: org.ow2.asm:asm:jar:9.7.1 (test)
[ERROR] 	Cannot access central (https://repo.maven.apache.org/maven2) in offline mode and the artifact org.ow2.asm:asm:jar:9.7.1 has not been downloaded from it before.
[ERROR] dependency: org.assertj:assertj-core:jar:3.27.7 (test)
[ERROR] 	Cannot access central (https://repo.maven.apache.org/maven2) in offline mode and the artifact org.assertj:assertj-core:jar:3.27.7 has not been downloaded from it before.
[ERROR] dependency: net.bytebuddy:byte-buddy:jar:1.17.8 (runtime)
[ERROR] 	Cannot access central (https://repo.maven.apache.org/maven2) in offline mode and the artifact net.bytebuddy:byte-buddy:jar:1.17.8 has not been downloaded from it before.
[ERROR] dependency: org.awaitility:awaitility:jar:4.2.2 (test)
[ERROR] 	Cannot access central (https://repo.maven.apache.org/maven2) in offline mode and the artifact org.awaitility:awaitility:jar:4.2.2 has not been downloaded from it before.
[ERROR] dependency: org.hamcrest:hamcrest:jar:3.0 (test)
[ERROR] 	Cannot access central (https://repo.maven.apache.org/maven2) in offline mode and the artifact org.hamcrest:hamcrest:jar:3.0 has not been downloaded from it before.
[ERROR] dependency: org.junit.jupiter:junit-jupiter:jar:5.12.2 (test)
[ERROR] 	Cannot access central (https://repo.maven.apache.org/maven2) in offline mode and the artifact org.junit.jupiter:junit-jupiter:jar:5.12.2 has not been downloaded from it before.
[ERROR] dependency: org.junit.jupiter:junit-jupiter-api:jar:5.12.2 (test)
[ERROR] 	Cannot access central (https://repo.maven.apache.org/maven2) in offline mode and the artifact org.junit.jupiter:junit-jupiter-api:jar:5.12.2 has not been downloaded from it before.
[ERROR] dependency: org.opentest4j:opentest4j:jar:1.3.0 (test)
[ERROR] 	Cannot access central (https://repo.maven.apache.org/maven2) in offline mode and the artifact org.opentest4j:opentest4j:jar:1.3.0 has not been downloaded from it before.
[ERROR] dependency: org.junit.platform:junit-platform-commons:jar:1.12.2 (test)
[ERROR] 	Cannot access central (https://repo.maven.apache.org/maven2) in offline mode and the artifact org.junit.platform:junit-platform-commons:jar:1.12.2 has not been downloaded from it before.
[ERROR] dependency: org.apiguardian:apiguardian-api:jar:1.1.2 (test)
[ERROR] 	Cannot access central (https://repo.maven.apache.org/maven2) in offline mode and the artifact org.apiguardian:apiguardian-api:jar:1.1.2 has not been downloaded from it before.
[ERROR] dependency: org.junit.jupiter:junit-jupiter-params:jar:5.12.2 (test)
[ERROR] 	Cannot access central (https://repo.maven.apache.org/maven2) in offline mode and the artifact org.junit.jupiter:junit-jupiter-params:jar:5.12.2 has not been downloaded from it before.
[ERROR] dependency: org.junit.jupiter:junit-jupiter-engine:jar:5.12.2 (test)
[ERROR] 	Cannot access central (https://repo.maven.apache.org/maven2) in offline mode and the artifact org.junit.jupiter:junit-jupiter-engine:jar:5.12.2 has not been downloaded from it before.
[ERROR] dependency: org.junit.platform:junit-platform-engine:jar:1.12.2 (test)
[ERROR] 	Cannot access central (https://repo.maven.apache.org/maven2) in offline mode and the artifact org.junit.platform:junit-platform-engine:jar:1.12.2 has not been downloaded from it before.
[ERROR] dependency: org.mockito:mockito-core:jar:5.17.0 (test)
[ERROR] 	Cannot access central (https://repo.maven.apache.org/maven2) in offline mode and the artifact org.mockito:mockito-core:jar:5.17.0 has not been downloaded from it before.
[ERROR] dependency: net.bytebuddy:byte-buddy-agent:jar:1.17.8 (test)
[ERROR] 	Cannot access central (https://repo.maven.apache.org/maven2) in offline mode and the artifact net.bytebuddy:byte-buddy-agent:jar:1.17.8 has not been downloaded from it before.
[ERROR] dependency: org.objenesis:objenesis:jar:3.3 (test)
[ERROR] 	Cannot access central (https://repo.maven.apache.org/maven2) in offline mode and the artifact org.objenesis:objenesis:jar:3.3 has not been downloaded from it before.
[ERROR] dependency: org.mockito:mockito-junit-jupiter:jar:5.17.0 (test)
[ERROR] 	Cannot access central (https://repo.maven.apache.org/maven2) in offline mode and the artifact org.mockito:mockito-junit-jupiter:jar:5.17.0 has not been downloaded from it before.
[ERROR] dependency: org.skyscreamer:jsonassert:jar:1.5.3 (test)
[ERROR] 	Cannot access central (https://repo.maven.apache.org/maven2) in offline mode and the artifact org.skyscreamer:jsonassert:jar:1.5.3 has not been downloaded from it before.
[ERROR] dependency: com.vaadin.external.google:android-json:jar:0.0.20131108.vaadin1 (test)
[ERROR] 	Cannot access central (https://repo.maven.apache.org/maven2) in offline mode and the artifact com.vaadin.external.google:android-json:jar:0.0.20131108.vaadin1 has not been downloaded from it before.
[ERROR] dependency: org.springframework:spring-test:jar:6.2.17 (test)
[ERROR] 	Cannot access central (https://repo.maven.apache.org/maven2) in offline mode and the artifact org.springframework:spring-test:jar:6.2.17 has not been downloaded from it before.
[ERROR] dependency: org.xmlunit:xmlunit-core:jar:2.10.4 (test)
[ERROR] 	Cannot access central (https://repo.maven.apache.org/maven2) in offline mode and the artifact org.xmlunit:xmlunit-core:jar:2.10.4 has not been downloaded from it before.
[ERROR] dependency: org.hibernate.common:hibernate-commons-annotations:jar:7.0.3.Final (runtime)
[ERROR] 	Cannot access central (https://repo.maven.apache.org/maven2) in offline mode and the artifact org.hibernate.common:hibernate-commons-annotations:jar:7.0.3.Final has not been downloaded from it before.
[ERROR] dependency: io.smallrye:jandex:jar:3.2.0 (runtime)
[ERROR] 	Cannot access central (https://repo.maven.apache.org/maven2) in offline mode and the artifact io.smallrye:jandex:jar:3.2.0 has not been downloaded from it before.
[ERROR] dependency: org.glassfish.jaxb:jaxb-runtime:jar:4.0.6 (runtime)
[ERROR] 	Cannot access central (https://repo.maven.apache.org/maven2) in offline mode and the artifact org.glassfish.jaxb:jaxb-runtime:jar:4.0.6 has not been downloaded from it before.
[ERROR] dependency: org.glassfish.jaxb:jaxb-core:jar:4.0.6 (runtime)
[ERROR] 	Cannot access central (https://repo.maven.apache.org/maven2) in offline mode and the artifact org.glassfish.jaxb:jaxb-core:jar:4.0.6 has not been downloaded from it before.
[ERROR] dependency: org.eclipse.angus:angus-activation:jar:2.0.3 (runtime)
[ERROR] 	Cannot access central (https://repo.maven.apache.org/maven2) in offline mode and the artifact org.eclipse.angus:angus-activation:jar:2.0.3 has not been downloaded from it before.
[ERROR] dependency: org.glassfish.jaxb:txw2:jar:4.0.6 (runtime)
[ERROR] 	Cannot access central (https://repo.maven.apache.org/maven2) in offline mode and the artifact org.glassfish.jaxb:txw2:jar:4.0.6 has not been downloaded from it before.
[ERROR] dependency: com.sun.istack:istack-commons-runtime:jar:4.1.2 (runtime)
[ERROR] 	Cannot access central (https://repo.maven.apache.org/maven2) in offline mode and the artifact com.sun.istack:istack-commons-runtime:jar:4.1.2 has not been downloaded from it before.
[ERROR] dependency: jakarta.inject:jakarta.inject-api:jar:2.0.1 (runtime)
[ERROR] 	Cannot access central (https://repo.maven.apache.org/maven2) in offline mode and the artifact jakarta.inject:jakarta.inject-api:jar:2.0.1 has not been downloaded from it before.
[ERROR] 
[ERROR] -> [Help 1]
[ERROR] 
[ERROR] To see the full stack trace of the errors, re-run Maven with the -e switch.
[ERROR] Re-run Maven using the -X switch to enable full debug logging.
[ERROR] 
[ERROR] For more information about the errors and possible solutions, please read the following articles:
[ERROR] [Help 1] http://cwiki.apache.org/confluence/display/MAVEN/DependencyResolutionException
